app/build/intermediates/manifest_merge_blame_file/debug/manifest-merger-blame-debug-report.txt
1<?xml version="1.0" encoding="utf-8"?>
2<manifest xmlns:android="http://schemas.android.com/apk/res/android"
3    package="com.pouillcorp.sortirnice"
4    android:versionCode="1"
5    android:versionName="1.0" >
6
7    <uses-sdk
8        android:minSdkVersion="24"
8-->src\main\AndroidManifest.xml
9        android:targetSdkVersion="28" />
9-->src\main\AndroidManifest.xml
10
11    <uses-permission android:name="android.permission.INTERNET" />
11-->src\main\AndroidManifest.xml:5:5-66
11-->src\main\AndroidManifest.xml:5:22-64
12
13    <application
13-->src\main\AndroidManifest.xml:7:5-71:19
14        android:name="com.pouillcorp.sortirnice.App"
14-->src\main\AndroidManifest.xml:8:9-28
15        android:allowBackup="true"
15-->src\main\AndroidManifest.xml:9:9-35
16        android:appComponentFactory="androidx.core.app.CoreComponentFactory"
16-->[androidx.core:core:1.3.1] AndroidManifest.xml:24:18-86
17        android:debuggable="true"
18        android:extractNativeLibs="false"
19        android:icon="@mipmap/logo_app"
19-->src\main\AndroidManifest.xml:10:9-40
20        android:label="@string/app_name"
20-->src\main\AndroidManifest.xml:11:9-41
21        android:roundIcon="@mipmap/logo_app"
21-->src\main\AndroidManifest.xml:12:9-45
22        android:supportsRtl="true"
22-->src\main\AndroidManifest.xml:13:9-35
23        android:testOnly="true"
24        android:theme="@style/AppTheme" >
24-->src\main\AndroidManifest.xml:14:9-40
25        <activity
25-->src\main\AndroidManifest.xml:15:9-22:20
26            android:name="com.pouillcorp.sortirnice.activities.AccueilActivity"
26-->src\main\AndroidManifest.xml:15:19-61
27            android:windowSoftInputMode="stateHidden" >
27-->src\main\AndroidManifest.xml:16:13-54
28            <intent-filter>
28-->src\main\AndroidManifest.xml:17:13-21:29
29                <action android:name="android.intent.action.MAIN" />
29-->src\main\AndroidManifest.xml:18:17-69
29-->src\main\AndroidManifest.xml:18:25-66
30
31                <category android:name="android.intent.category.LAUNCHER" />
31-->src\main\AndroidManifest.xml:20:17-77
31-->src\main\AndroidManifest.xml:20:27-74
32            </intent-filter>
33        </activity>
34        <activity
34-->src\main\AndroidManifest.xml:23:9-24:56
35            android:name="com.pouillcorp.sortirnice.activities.SearchActivity"
35-->src\main\AndroidManifest.xml:23:19-60
36            android:windowSoftInputMode="stateHidden" />
36-->src\main\AndroidManifest.xml:24:13-54
37        <activity
37-->src\main\AndroidManifest.xml:25:9-26:56
38            android:name="com.pouillcorp.sortirnice.activities.AfficherEventsActivity"
38-->src\main\AndroidManifest.xml:25:19-68
39            android:windowSoftInputMode="stateHidden" />
39-->src\main\AndroidManifest.xml:26:13-54
40        <activity
40-->src\main\AndroidManifest.xml:27:9-28:56
41            android:name="com.pouillcorp.sortirnice.activities.AfficherEventDetailActivity"
41-->src\main\AndroidManifest.xml:27:19-73
42            android:windowSoftInputMode="stateHidden" />
42-->src\main\AndroidManifest.xml:28:13-54
43        <activity
43-->src\main\AndroidManifest.xml:29:9-30:56
44            android:name="com.pouillcorp.sortirnice.activities.AfficherEntriesSortieActivity"
44-->src\main\AndroidManifest.xml:29:19-75
45            android:windowSoftInputMode="stateHidden" />
45-->src\main\AndroidManifest.xml:30:13-54
46        <activity
46-->src\main\AndroidManifest.xml:31:9-32:56
47            android:name="com.pouillcorp.sortirnice.activities.AfficherEntriesUtileActivity"
47-->src\main\AndroidManifest.xml:31:19-74
48            android:windowSoftInputMode="stateHidden" />
48-->src\main\AndroidManifest.xml:32:13-54
49        <activity
49-->src\main\AndroidManifest.xml:33:9-34:56
50            android:name="com.pouillcorp.sortirnice.activities.AfficherEntriesShoppingActivity"
50-->src\main\AndroidManifest.xml:33:19-77
51            android:windowSoftInputMode="stateHidden" />
51-->src\main\AndroidManifest.xml:34:13-54
52        <activity
52-->src\main\AndroidManifest.xml:35:9-36:56
53            android:name="com.pouillcorp.sortirnice.activities.AfficherEntriesVisiteActivity"
53-->src\main\AndroidManifest.xml:35:19-75
54            android:windowSoftInputMode="stateHidden" />
54-->src\main\AndroidManifest.xml:36:13-54
55        <activity
55-->src\main\AndroidManifest.xml:37:9-38:56
56            android:name="com.pouillcorp.sortirnice.activities.AfficherEntriesHotelActivity"
56-->src\main\AndroidManifest.xml:37:19-74
57            android:windowSoftInputMode="stateHidden" />
57-->src\main\AndroidManifest.xml:38:13-54
58        <activity
58-->src\main\AndroidManifest.xml:39:9-40:56
59            android:name="com.pouillcorp.sortirnice.activities.AfficherEntriesHebergementActivity"
59-->src\main\AndroidManifest.xml:39:19-80
60            android:windowSoftInputMode="stateHidden" />
60-->src\main\AndroidManifest.xml:40:13-54
61        <activity
61-->src\main\AndroidManifest.xml:41:9-42:56
62            android:name="com.pouillcorp.sortirnice.activities.AfficherEntriesBoutiqueActivity"
62-->src\main\AndroidManifest.xml:41:19-77
63            android:windowSoftInputMode="stateHidden" />
63-->src\main\AndroidManifest.xml:42:13-54
64        <activity
64-->src\main\AndroidManifest.xml:43:9-44:56
65            android:name="com.pouillcorp.sortirnice.activities.AfficherEntriesTransportActivity"
65-->src\main\AndroidManifest.xml:43:19-78
66            android:windowSoftInputMode="stateHidden" />
66-->src\main\AndroidManifest.xml:44:13-54
67        <activity
67-->src\main\AndroidManifest.xml:45:9-46:56
68            android:name="com.pouillcorp.sortirnice.activities.AfficherEntriesRestaurantActivity"
68-->src\main\AndroidManifest.xml:45:19-79
69            android:windowSoftInputMode="stateHidden" />
69-->src\main\AndroidManifest.xml:46:13-54
70        <activity
70-->src\main\AndroidManifest.xml:47:9-48:56
71            android:name="com.pouillcorp.sortirnice.activities.AfficherChoixEnregistrementActivity"
71-->src\main\AndroidManifest.xml:47:19-81
72            android:windowSoftInputMode="stateHidden" />
72-->src\main\AndroidManifest.xml:48:13-54
73        <activity
73-->src\main\AndroidManifest.xml:50:9-51:56
74            android:name="com.pouillcorp.sortirnice.activities.AfficherEntrySortieDetailActivity"
74-->src\main\AndroidManifest.xml:50:19-79
75            android:windowSoftInputMode="stateHidden" />
75-->src\main\AndroidManifest.xml:51:13-54
76        <activity
76-->src\main\AndroidManifest.xml:52:9-53:56
77            android:name="com.pouillcorp.sortirnice.activities.AfficherEntryTransportDetailActivity"
77-->src\main\AndroidManifest.xml:52:19-82
78            android:windowSoftInputMode="stateHidden" />
78-->src\main\AndroidManifest.xml:53:13-54
79        <activity
79-->src\main\AndroidManifest.xml:54:9-55:56
80            android:name="com.pouillcorp.sortirnice.activities.AfficherEntryUtileDetailActivity"
80-->src\main\AndroidManifest.xml:54:19-78
81            android:windowSoftInputMode="stateHidden" />
81-->src\main\AndroidManifest.xml:55:13-54
82        <activity
82-->src\main\AndroidManifest.xml:56:9-57:56
83            android:name="com.pouillcorp.sortirnice.activities.AfficherEntryVisiteDetailActivity"
83-->src\main\AndroidManifest.xml:56:19-79
84            android:windowSoftInputMode="stateHidden" />
84-->src\main\AndroidManifest.xml:57:13-54
85        <activity
85-->src\main\AndroidManifest.xml:58:9-59:56
86            android:name="com.pouillcorp.sortirnice.activities.AfficherEntryShoppingDetailActivity"
86-->src\main\AndroidManifest.xml:58:19-81
87            android:windowSoftInputMode="stateHidden" />
87-->src\main\AndroidManifest.xml:59:13-54
88        <activity
88-->src\main\AndroidManifest.xml:60:9-61:56
89            android:name="com.pouillcorp.sortirnice.activities.AfficherEntryRestaurantDetailActivity"
89-->src\main\AndroidManifest.xml:60:19-83
90            android:windowSoftInputMode="stateHidden" />
90-->src\main\AndroidManifest.xml:61:13-54
91        <activity
91-->src\main\AndroidManifest.xml:62:9-63:56
92            android:name="com.pouillcorp.sortirnice.activities.AfficherEntryHotelDetailActivity"
92-->src\main\AndroidManifest.xml:62:19-78
93            android:windowSoftInputMode="stateHidden" />
93-->src\main\AndroidManifest.xml:63:13-54
94        <activity
94-->src\main\AndroidManifest.xml:64:9-65:56
95            android:name="com.pouillcorp.sortirnice.activities.AfficherEntryHebergementDetailActivity"
95-->src\main\AndroidManifest.xml:64:19-84
96            android:windowSoftInputMode="stateHidden" />
96-->src\main\AndroidManifest.xml:65:13-54
97        <activity
97-->src\main\AndroidManifest.xml:66:9-67:56
98            android:name="com.pouillcorp.sortirnice.activities.AfficherEntryBoutiqueDetailActivity"
98-->src\main\AndroidManifest.xml:66:19-81
99            android:windowSoftInputMode="stateHidden" />
99-->src\main\AndroidManifest.xml:67:13-54
100        <activity
100-->src\main\AndroidManifest.xml:69:9-70:56
101            android:name="com.pouillcorp.sortirnice.activities.RechercherAllEntriesActivity"
101-->src\main\AndroidManifest.xml:69:19-74
102            android:windowSoftInputMode="stateHidden" />
102-->src\main\AndroidManifest.xml:70:13-54
103    </application>
104
105</manifest>